{
  "0 debug pnpm:scope": {
    "selected": 1
  },
  "1 error pnpm": {
    "code": "ELIFECYCLE",
    "errno": "ENOENT",
    "syscall": "spawn",
    "file": "sh",
    "pkgid": "scatter-gl@0.0.12",
    "stage": "build",
    "script": "yarn build-dist && yarn build-lib && yarn build-lib-min",
    "pkgname": "scatter-gl",
    "err": {
      "name": "pnpm",
      "message": "scatter-gl@0.0.12 build: `yarn build-dist && yarn build-lib && yarn build-lib-min`\nspawn ENOENT",
      "code": "ELIFECYCLE",
      "stack": "pnpm: scatter-gl@0.0.12 build: `yarn build-dist && yarn build-lib && yarn build-lib-min`\nspawn ENOENT\n    at ChildProcess.<anonymous> (/home/twilight/app/node-v16.6.2-linux-x64/pnpm-global/5/node_modules/.pnpm/pnpm@6.32.3/node_modules/pnpm/dist/pnpm.cjs:92278:22)\n    at ChildProcess.emit (node:events:394:28)\n    at maybeClose (node:internal/child_process:1067:16)\n    at Process.ChildProcess._handle.onexit (node:internal/child_process:301:5)"
    }
  },
  "2 warn pnpm:global": " Local package.json exists, but node_modules missing, did you mean to install?"
}